  Main.cpp
c:\users\wojteg\desktop\6_semestr\advanced c++\ostateczny_kod\gameoflife\TextField.h(14): warning C4244: 'argument': conversion from 'unsigned int' to 'float', possible loss of data
Main.cpp(35): warning C4267: '=': conversion from 'size_t' to 'int', possible loss of data
Main.cpp(26): warning C4101: 'counter': unreferenced local variable
Main.cpp(121): warning C4244: 'argument': conversion from 'unsigned int' to 'float', possible loss of data
Main.cpp(126): warning C4244: 'argument': conversion from 'unsigned int' to 'float', possible loss of data
Main.cpp(131): warning C4244: 'argument': conversion from 'unsigned int' to 'float', possible loss of data
Main.cpp(137): warning C4244: 'argument': conversion from 'int' to 'float', possible loss of data
Main.cpp(138): warning C4244: 'argument': conversion from 'int' to 'float', possible loss of data
Main.cpp(139): warning C4244: 'argument': conversion from 'int' to 'float', possible loss of data
Main.cpp(140): warning C4244: 'argument': conversion from 'int' to 'float', possible loss of data
Main.cpp(141): warning C4244: 'argument': conversion from 'int' to 'float', possible loss of data
Main.cpp(142): warning C4244: 'argument': conversion from 'int' to 'float', possible loss of data
Main.cpp(143): warning C4244: 'argument': conversion from 'int' to 'float', possible loss of data
Main.cpp(144): warning C4244: 'argument': conversion from 'int' to 'float', possible loss of data
Main.cpp(145): warning C4244: 'argument': conversion from 'int' to 'float', possible loss of data
Main.cpp(146): warning C4244: 'argument': conversion from 'int' to 'float', possible loss of data
Main.cpp(147): warning C4244: 'argument': conversion from 'int' to 'float', possible loss of data
Main.cpp(294): warning C4244: '=': conversion from '__int64' to 'int', possible loss of data
Main.cpp(428): warning C4244: 'argument': conversion from 'unsigned int' to 'float', possible loss of data
Main.cpp(436): warning C4244: 'argument': conversion from 'unsigned int' to 'float', possible loss of data
Main.cpp(456): warning C4244: 'argument': conversion from 'int' to 'float', possible loss of data
Main.cpp(461): warning C4244: 'argument': conversion from 'int' to 'float', possible loss of data
Main.cpp(479): warning C4244: 'argument': conversion from 'int' to 'float', possible loss of data
Main.cpp(484): warning C4244: 'argument': conversion from 'int' to 'float', possible loss of data
Main.cpp(500): warning C4244: 'argument': conversion from 'int' to 'float', possible loss of data
Main.cpp(505): warning C4244: 'argument': conversion from 'int' to 'float', possible loss of data
Main.cpp(519): warning C4244: 'argument': conversion from 'int' to 'float', possible loss of data
Main.cpp(524): warning C4244: 'argument': conversion from 'int' to 'float', possible loss of data
Main.cpp(545): warning C4244: 'argument': conversion from 'int' to 'float', possible loss of data
Main.cpp(550): warning C4244: 'argument': conversion from 'int' to 'float', possible loss of data
Main.cpp(565): warning C4244: 'argument': conversion from 'int' to 'float', possible loss of data
Main.cpp(570): warning C4244: 'argument': conversion from 'int' to 'float', possible loss of data
Main.cpp(623): warning C4018: '<': signed/unsigned mismatch
Main.cpp(640): warning C4244: 'argument': conversion from 'int' to 'float', possible loss of data
Main.cpp(645): warning C4244: 'argument': conversion from 'int' to 'float', possible loss of data
Main.cpp(653): warning C4018: '<': signed/unsigned mismatch
Main.cpp(673): warning C4244: 'argument': conversion from 'int' to 'float', possible loss of data
Main.cpp(678): warning C4244: 'argument': conversion from 'int' to 'float', possible loss of data
Main.cpp(686): warning C4018: '<': signed/unsigned mismatch
Main.cpp(706): warning C4244: 'argument': conversion from 'int' to 'float', possible loss of data
Main.cpp(711): warning C4244: 'argument': conversion from 'int' to 'float', possible loss of data
Main.cpp(719): warning C4018: '<': signed/unsigned mismatch
Main.cpp(738): warning C4244: 'argument': conversion from 'int' to 'float', possible loss of data
Main.cpp(743): warning C4244: 'argument': conversion from 'int' to 'float', possible loss of data
Main.cpp(752): warning C4018: '<': signed/unsigned mismatch
Main.cpp(774): warning C4244: 'argument': conversion from 'int' to 'float', possible loss of data
Main.cpp(779): warning C4244: 'argument': conversion from 'int' to 'float', possible loss of data
Main.cpp(792): warning C4018: '<': signed/unsigned mismatch
Main.cpp(799): warning C4018: '<': signed/unsigned mismatch
Main.cpp(807): warning C4018: '<': signed/unsigned mismatch
Main.cpp(830): warning C4244: 'argument': conversion from 'int' to 'float', possible loss of data
Main.cpp(835): warning C4244: 'argument': conversion from 'int' to 'float', possible loss of data
Main.cpp(844): warning C4018: '<': signed/unsigned mismatch
Main.cpp(861): warning C4018: '<': signed/unsigned mismatch
Main.cpp(869): warning C4018: '<': signed/unsigned mismatch
Main.cpp(900): warning C4244: 'argument': conversion from 'unsigned int' to 'float', possible loss of data
Main.cpp(312): warning C4101: 'is': unreferenced local variable
Main.cpp(441): warning C4101: 'id': unreferenced local variable
x64\Release\functions.obj : warning LNK4042: object specified more than once; extras ignored
  Generating code
  3 of 2001 functions ( 0.1%) were compiled, the rest were copied from previous compilation.
    0 functions were new in current compilation
    1 functions had inline decision re-evaluated but remain unchanged
  Finished generating code
  GameOfLife.vcxproj -> C:\Users\Wojteg\Desktop\6_semestr\Advanced C++\OSTATECZNY_KOD\x64\Release\GameOfLife.exe
  GameOfLife.vcxproj -> C:\Users\Wojteg\Desktop\6_semestr\Advanced C++\OSTATECZNY_KOD\x64\Release\GameOfLife.pdb (Full PDB)
